[2023-09-19 15:36:55,031 INFO com.nopcommerce.user.Level_11_Log_ReportNG] - Register - Step 01: Navigate to 'Register' page
[2023-09-19 15:36:56,056 INFO com.nopcommerce.user.Level_11_Log_ReportNG] - Register - Step 02: Enter to firtname textbox with value is ' Automation' 
[2023-09-19 15:36:56,099 INFO com.nopcommerce.user.Level_11_Log_ReportNG] - Register - Step 03: Enter to lastName textbox with value is ' Testing' 
[2023-09-19 15:36:56,137 INFO com.nopcommerce.user.Level_11_Log_ReportNG] - Register - Step 04: Enter to emailAddress textbox with value is ' auto1484@gmail.com' 
[2023-09-19 15:36:56,171 INFO com.nopcommerce.user.Level_11_Log_ReportNG] - Register - Step 05: Enter to password textbox with value is ' 123456' 
[2023-09-19 15:36:56,203 INFO com.nopcommerce.user.Level_11_Log_ReportNG] - Register - Step 06: Enter to confirm password textbox with value is ' 123456' 
[2023-09-19 15:36:56,235 INFO com.nopcommerce.user.Level_11_Log_ReportNG] - Register - Step 07: Click to register button
[2023-09-19 15:36:57,391 INFO com.nopcommerce.user.Level_11_Log_ReportNG] - Register - Step 08: Verify message Sussesfull isDisplay
[2023-09-19 15:36:57,423 INFO com.nopcommerce.user.Level_11_Log_ReportNG] - HomePagr - Step 09: Click to Logout Link
[2023-09-19 15:36:57,753 INFO com.nopcommerce.user.Level_11_Log_ReportNG] - Login page - Step 01: Click to Login Link
[2023-09-19 15:36:58,111 INFO com.nopcommerce.user.Level_11_Log_ReportNG] - Register - Step 02: Enter to firtname textbox with value is ' Automation' 
[2023-09-19 15:36:58,155 INFO com.nopcommerce.user.Level_11_Log_ReportNG] - Register - Step 03: Enter to password textbox with value is ' 123456' 
[2023-09-19 15:36:58,189 INFO com.nopcommerce.user.Level_11_Log_ReportNG] - Login page - Step 04: Click to Login Button
[2023-09-19 15:36:58,809 INFO com.nopcommerce.user.Level_11_Log_ReportNG] - Login page - Step 05: Verify My Accout Link Display
[2023-09-19 15:36:58,853 INFO com.nopcommerce.user.Level_11_Log_ReportNG] - Login page - Step 06: Click to My Accout Link
[2023-09-19 15:36:59,185 INFO com.nopcommerce.user.Level_11_Log_ReportNG] - Login page - Step 07: Verify My Account Page Display
[2023-09-19 15:38:41,607 INFO com.nopcommerce.user.Level_11_Log_ReportNG] - Register - Step 01: Navigate to 'Register' page
[2023-09-19 15:38:42,547 INFO com.nopcommerce.user.Level_11_Log_ReportNG] - Register - Step 02: Enter to firtname textbox with value is ' Automation' 
[2023-09-19 15:38:42,594 INFO com.nopcommerce.user.Level_11_Log_ReportNG] - Register - Step 03: Enter to lastName textbox with value is ' Testing' 
[2023-09-19 15:38:42,631 INFO com.nopcommerce.user.Level_11_Log_ReportNG] - Register - Step 04: Enter to emailAddress textbox with value is ' auto206@gmail.com' 
[2023-09-19 15:38:42,664 INFO com.nopcommerce.user.Level_11_Log_ReportNG] - Register - Step 05: Enter to password textbox with value is ' 123456' 
[2023-09-19 15:38:42,694 INFO com.nopcommerce.user.Level_11_Log_ReportNG] - Register - Step 06: Enter to confirm password textbox with value is ' 123456' 
[2023-09-19 15:38:42,724 INFO com.nopcommerce.user.Level_11_Log_ReportNG] - Register - Step 07: Click to register button
[2023-09-19 15:38:43,366 INFO com.nopcommerce.user.Level_11_Log_ReportNG] - Register - Step 08: Verify message Sussesfull isDisplay
[2023-09-19 15:38:43,401 INFO com.nopcommerce.user.Level_11_Log_ReportNG] - HomePagr - Step 09: Click to Logout Link
[2023-09-19 15:38:43,753 INFO com.nopcommerce.user.Level_11_Log_ReportNG] - Login page - Step 01: Click to Login Link
[2023-09-19 15:38:44,101 INFO com.nopcommerce.user.Level_11_Log_ReportNG] - Register - Step 02: Enter to firtname textbox with value is ' Automation' 
[2023-09-19 15:38:44,144 INFO com.nopcommerce.user.Level_11_Log_ReportNG] - Register - Step 03: Enter to password textbox with value is ' 123456' 
[2023-09-19 15:38:44,178 INFO com.nopcommerce.user.Level_11_Log_ReportNG] - Login page - Step 04: Click to Login Button
[2023-09-19 15:38:44,745 INFO com.nopcommerce.user.Level_11_Log_ReportNG] - Login page - Step 05: Verify My Accout Link Display
[2023-09-19 15:38:44,788 INFO com.nopcommerce.user.Level_11_Log_ReportNG] - Login page - Step 06: Click to My Accout Link
[2023-09-19 15:38:45,108 INFO com.nopcommerce.user.Level_11_Log_ReportNG] - Login page - Step 07: Verify My Account Page Display
[2023-09-19 15:41:07,776 INFO com.nopcommerce.user.Level_11_Log_ReportNG] - Register - Step 01: Navigate to 'Register' page
[2023-09-19 15:41:08,756 INFO com.nopcommerce.user.Level_11_Log_ReportNG] - Register - Step 02: Enter to firtname textbox with value is ' Automation' 
[2023-09-19 15:41:08,813 INFO com.nopcommerce.user.Level_11_Log_ReportNG] - Register - Step 03: Enter to lastName textbox with value is ' Testing' 
[2023-09-19 15:41:08,848 INFO com.nopcommerce.user.Level_11_Log_ReportNG] - Register - Step 04: Enter to emailAddress textbox with value is ' auto3138@gmail.com' 
[2023-09-19 15:41:08,882 INFO com.nopcommerce.user.Level_11_Log_ReportNG] - Register - Step 05: Enter to password textbox with value is ' 123456' 
[2023-09-19 15:41:08,914 INFO com.nopcommerce.user.Level_11_Log_ReportNG] - Register - Step 06: Enter to confirm password textbox with value is ' 123456' 
[2023-09-19 15:41:08,946 INFO com.nopcommerce.user.Level_11_Log_ReportNG] - Register - Step 07: Click to register button
[2023-09-19 15:41:09,652 INFO com.nopcommerce.user.Level_11_Log_ReportNG] - Register - Step 08: Verify message Sussesfull isDisplay
[2023-09-19 15:41:09,684 INFO com.nopcommerce.user.Level_11_Log_ReportNG] - HomePagr - Step 09: Click to Logout Link
[2023-09-19 15:41:10,069 INFO com.nopcommerce.user.Level_11_Log_ReportNG] - Login page - Step 01: Click to Login Link
[2023-09-19 15:41:10,421 INFO com.nopcommerce.user.Level_11_Log_ReportNG] - Register - Step 02: Enter to firtname textbox with value is ' Automation' 
[2023-09-19 15:41:10,466 INFO com.nopcommerce.user.Level_11_Log_ReportNG] - Register - Step 03: Enter to password textbox with value is ' 123456' 
[2023-09-19 15:41:10,498 INFO com.nopcommerce.user.Level_11_Log_ReportNG] - Login page - Step 04: Click to Login Button
[2023-09-19 15:41:11,099 INFO com.nopcommerce.user.Level_11_Log_ReportNG] - Login page - Step 05: Verify My Accout Link Display
[2023-09-19 15:41:11,141 INFO com.nopcommerce.user.Level_11_Log_ReportNG] - Login page - Step 06: Click to My Accout Link
[2023-09-19 15:41:11,504 INFO com.nopcommerce.user.Level_11_Log_ReportNG] - Login page - Step 07: Verify My Account Page Display
[2023-09-19 15:42:37,437 INFO com.nopcommerce.user.Level_11_Log_ReportNG] - Register - Step 01: Navigate to 'Register' page
[2023-09-19 15:42:38,390 INFO com.nopcommerce.user.Level_11_Log_ReportNG] - Register - Step 02: Enter to firtname textbox with value is ' Automation' 
[2023-09-19 15:42:38,437 INFO com.nopcommerce.user.Level_11_Log_ReportNG] - Register - Step 03: Enter to lastName textbox with value is ' Testing' 
[2023-09-19 15:42:38,473 INFO com.nopcommerce.user.Level_11_Log_ReportNG] - Register - Step 04: Enter to emailAddress textbox with value is ' auto1896@gmail.com' 
[2023-09-19 15:42:38,507 INFO com.nopcommerce.user.Level_11_Log_ReportNG] - Register - Step 05: Enter to password textbox with value is ' 123456' 
[2023-09-19 15:42:38,539 INFO com.nopcommerce.user.Level_11_Log_ReportNG] - Register - Step 06: Enter to confirm password textbox with value is ' 123456' 
[2023-09-19 15:42:38,572 INFO com.nopcommerce.user.Level_11_Log_ReportNG] - Register - Step 07: Click to register button
[2023-09-19 15:42:39,705 INFO com.nopcommerce.user.Level_11_Log_ReportNG] - Register - Step 08: Verify message Sussesfull isDisplay
[2023-09-19 15:42:39,737 INFO com.nopcommerce.user.Level_11_Log_ReportNG] - HomePagr - Step 09: Click to Logout Link
[2023-09-19 15:42:40,063 INFO com.nopcommerce.user.Level_11_Log_ReportNG] - Login page - Step 01: Click to Login Link
[2023-09-19 15:42:40,423 INFO com.nopcommerce.user.Level_11_Log_ReportNG] - Register - Step 02: Enter to firtname textbox with value is ' Automation' 
[2023-09-19 15:42:40,467 INFO com.nopcommerce.user.Level_11_Log_ReportNG] - Register - Step 03: Enter to password textbox with value is ' 123456' 
[2023-09-19 15:42:40,499 INFO com.nopcommerce.user.Level_11_Log_ReportNG] - Login page - Step 04: Click to Login Button
[2023-09-19 15:42:41,120 INFO com.nopcommerce.user.Level_11_Log_ReportNG] - Login page - Step 05: Verify My Accout Link Display
[2023-09-19 15:42:41,169 INFO com.nopcommerce.user.Level_11_Log_ReportNG] - Login page - Step 06: Click to My Accout Link
[2023-09-19 15:42:41,509 INFO com.nopcommerce.user.Level_11_Log_ReportNG] - Login page - Step 07: Verify My Account Page Display
[2023-09-19 15:44:31,471 INFO com.nopcommerce.user.Level_11_Log_ReportNG] - Register - Step 01: Navigate to 'Register' page
[2023-09-19 15:44:32,391 INFO com.nopcommerce.user.Level_11_Log_ReportNG] - Register - Step 02: Enter to firtname textbox with value is ' Automation' 
[2023-09-19 15:44:32,436 INFO com.nopcommerce.user.Level_11_Log_ReportNG] - Register - Step 03: Enter to lastName textbox with value is ' Testing' 
[2023-09-19 15:44:32,471 INFO com.nopcommerce.user.Level_11_Log_ReportNG] - Register - Step 04: Enter to emailAddress textbox with value is ' auto1222@gmail.com' 
[2023-09-19 15:44:32,505 INFO com.nopcommerce.user.Level_11_Log_ReportNG] - Register - Step 05: Enter to password textbox with value is ' 123456' 
[2023-09-19 15:44:32,536 INFO com.nopcommerce.user.Level_11_Log_ReportNG] - Register - Step 06: Enter to confirm password textbox with value is ' 123456' 
[2023-09-19 15:44:32,570 INFO com.nopcommerce.user.Level_11_Log_ReportNG] - Register - Step 07: Click to register button
[2023-09-19 15:44:33,187 INFO com.nopcommerce.user.Level_11_Log_ReportNG] - Register - Step 08: Verify message Sussesfull isDisplay
[2023-09-19 15:44:33,220 INFO com.nopcommerce.user.Level_11_Log_ReportNG] - HomePagr - Step 09: Click to Logout Link
[2023-09-19 15:44:33,530 INFO com.nopcommerce.user.Level_11_Log_ReportNG] - Login page - Step 01: Click to Login Link
[2023-09-19 15:44:34,329 INFO com.nopcommerce.user.Level_11_Log_ReportNG] - Register - Step 02: Enter to firtname textbox with value is ' Automation' 
[2023-09-19 15:44:34,374 INFO com.nopcommerce.user.Level_11_Log_ReportNG] - Register - Step 03: Enter to password textbox with value is ' 123456' 
[2023-09-19 15:44:34,407 INFO com.nopcommerce.user.Level_11_Log_ReportNG] - Login page - Step 04: Click to Login Button
[2023-09-19 15:44:34,953 INFO com.nopcommerce.user.Level_11_Log_ReportNG] - Login page - Step 05: Verify My Accout Link Display
[2023-09-19 15:44:35,000 INFO com.nopcommerce.user.Level_11_Log_ReportNG] - Login page - Step 06: Click to My Accout Link
[2023-09-19 15:44:35,308 INFO com.nopcommerce.user.Level_11_Log_ReportNG] - Login page - Step 07: Verify My Account Page Display
[2023-09-19 16:09:57,951 INFO com.nopcommerce.user.Level_11_Log_ReportNG] - Register - Step 01: Navigate to 'Register' page
[2023-09-19 16:09:58,934 INFO com.nopcommerce.user.Level_11_Log_ReportNG] - Register - Step 02: Enter to firtname textbox with value is ' Automation' 
[2023-09-19 16:09:58,983 INFO com.nopcommerce.user.Level_11_Log_ReportNG] - Register - Step 03: Enter to lastName textbox with value is ' Testing' 
[2023-09-19 16:09:59,019 INFO com.nopcommerce.user.Level_11_Log_ReportNG] - Register - Step 04: Enter to emailAddress textbox with value is ' auto4779@gmail.com' 
[2023-09-19 16:09:59,054 INFO com.nopcommerce.user.Level_11_Log_ReportNG] - Register - Step 05: Enter to password textbox with value is ' 123456' 
[2023-09-19 16:09:59,086 INFO com.nopcommerce.user.Level_11_Log_ReportNG] - Register - Step 06: Enter to confirm password textbox with value is ' 123456' 
[2023-09-19 16:09:59,119 INFO com.nopcommerce.user.Level_11_Log_ReportNG] - Register - Step 07: Click to register button
[2023-09-19 16:09:59,801 INFO com.nopcommerce.user.Level_11_Log_ReportNG] - Register - Step 08: Verify message Sussesfull isDisplay
[2023-09-19 16:09:59,833 INFO com.nopcommerce.user.Level_11_Log_ReportNG] - HomePagr - Step 09: Click to Logout Link
[2023-09-19 16:10:00,167 INFO com.nopcommerce.user.Level_11_Log_ReportNG] - Login page - Step 01: Click to Login Link
[2023-09-19 16:10:00,517 INFO com.nopcommerce.user.Level_11_Log_ReportNG] - Register - Step 02: Enter to firtname textbox with value is ' Automation' 
[2023-09-19 16:10:00,564 INFO com.nopcommerce.user.Level_11_Log_ReportNG] - Register - Step 03: Enter to password textbox with value is ' 123456' 
[2023-09-19 16:10:00,597 INFO com.nopcommerce.user.Level_11_Log_ReportNG] - Login page - Step 04: Click to Login Button
[2023-09-19 16:10:01,240 INFO com.nopcommerce.user.Level_11_Log_ReportNG] - Login page - Step 05: Verify My Accout Link Display
[2023-09-19 16:10:01,275 INFO com.nopcommerce.user.Level_11_Log_ReportNG] - Login page - Step 06: Click to My Accout Link
[2023-09-19 16:10:02,176 INFO com.nopcommerce.user.Level_11_Log_ReportNG] - Login page - Step 07: Verify My Account Page Display
